#
# A fatal error has been detected by the Java Runtime Environment:
#
#  EXCEPTION_ACCESS_VIOLATION (0xc0000005) at pc=0x6d166ae0, pid=8548, tid=3068
#
# JRE version: 6.0_20-b02
# Java VM: Java HotSpot(TM) Client VM (16.3-b01 mixed mode windows-x86 )
# Problematic frame:
# C  [awt.dll+0xb6ae0]
#
# If you would like to submit a bug report, please visit:
#   http://java.sun.com/webapps/bugreport/crash.jsp
# The crash happened outside the Java Virtual Machine in native code.
# See problematic frame for where to report the bug.
#

---------------  T H R E A D  ---------------

Current thread (0x18d61000):  JavaThread "AWT-Windows" daemon [_thread_in_native, id=3068, stack(0x19230000,0x19280000)]

siginfo: ExceptionCode=0xc0000005, reading address 0x00000000

Registers:
EAX=0x1927faf8, EBX=0x18d7dc90, ECX=0x000002f8, EDX=0x00000180
ESP=0x1927fae0, EBP=0x751c1450, ESI=0x00000000, EDI=0x00000180
EIP=0x6d166ae0, EFLAGS=0x00010212

Top of Stack: (sp=0x1927fae0)
0x1927fae0:   1927faf8 00001000 00000000 18d615c8
0x1927faf0:   00000001 1927fae8 1927faec 6d15e4bd
0x1927fb00:   00000000 00000000 18d615c8 6d15e58a
0x1927fb10:   00000000 18d615c8 00000001 6d15e68e
0x1927fb20:   18d615c8 6d1137c2 18d5eb70 00000000
0x1927fb30:   6d1605c0 00000001 6d1b2f50 6d1b2938
0x1927fb40:   18d5eb70 6d1619e2 6d1b2f48 6d161bc9
0x1927fb50:   6d14a453 00000000 00000bfc 00000000 

Instructions: (pc=0x6d166ae0)
0x6d166ad0:   05 00 20 00 00 50 c1 e2 05 8d 44 24 14 50 8b fa
0x6d166ae0:   8b 16 57 c1 e1 05 51 56 ff 52 2c 85 c0 0f 8c 93 


Stack: [0x19230000,0x19280000],  sp=0x1927fae0,  free space=13e1927f5c4k
Native frames: (J=compiled Java code, j=interpreted, Vv=VM code, C=native code)
C  [awt.dll+0xb6ae0]

Java frames: (J=compiled Java code, j=interpreted, Vv=VM code)
j  sun.awt.windows.WToolkit.eventLoop()V+0
j  sun.awt.windows.WToolkit.run()V+77
j  java.lang.Thread.run()V+11
v  ~StubRoutines::call_stub

---------------  P R O C E S S  ---------------

Java Threads: ( => current thread )
  0x1c4d2000 JavaThread "Thread-1" daemon [_thread_in_native, id=5512, stack(0x1cd30000,0x1cd80000)]
  0x18cc2000 JavaThread "AWT-EventQueue-0" [_thread_blocked, id=2996, stack(0x1b1f0000,0x1b240000)]
  0x18e46400 JavaThread "TimerQueue" daemon [_thread_blocked, id=4328, stack(0x1c3f0000,0x1c440000)]
  0x002da400 JavaThread "DestroyJavaVM" [_thread_blocked, id=2424, stack(0x002e0000,0x00330000)]
=>0x18d61000 JavaThread "AWT-Windows" daemon [_thread_in_native, id=3068, stack(0x19230000,0x19280000)]
  0x18d5f400 JavaThread "AWT-Shutdown" [_thread_blocked, id=5476, stack(0x191a0000,0x191f0000)]
  0x18d5e000 JavaThread "Java2D Disposer" daemon [_thread_blocked, id=4404, stack(0x190b0000,0x19100000)]
  0x02596000 JavaThread "Low Memory Detector" daemon [_thread_blocked, id=4824, stack(0x18bc0000,0x18c10000)]
  0x02592c00 JavaThread "CompilerThread0" daemon [_thread_blocked, id=5604, stack(0x18b30000,0x18b80000)]
  0x0257e400 JavaThread "JDWP Command Reader" daemon [_thread_in_native, id=9108, stack(0x18aa0000,0x18af0000)]
  0x0257d400 JavaThread "JDWP Event Helper Thread" daemon [_thread_blocked, id=4200, stack(0x18a10000,0x18a60000)]
  0x0257a800 JavaThread "JDWP Transport Listener: dt_socket" daemon [_thread_blocked, id=6824, stack(0x18980000,0x189d0000)]
  0x0256e000 JavaThread "Attach Listener" daemon [_thread_blocked, id=7928, stack(0x18850000,0x188a0000)]
  0x0256ac00 JavaThread "Signal Dispatcher" daemon [_thread_blocked, id=5704, stack(0x187c0000,0x18810000)]
  0x0253b400 JavaThread "Finalizer" daemon [_thread_blocked, id=7868, stack(0x18730000,0x18780000)]
  0x02539800 JavaThread "Reference Handler" daemon [_thread_blocked, id=8712, stack(0x186a0000,0x186f0000)]

Other Threads:
  0x02537400 VMThread [stack: 0x18610000,0x18660000] [id=4504]
  0x02597000 WatcherThread [stack: 0x18c50000,0x18ca0000] [id=4976]

VM state:not at safepoint (normal execution)

VM Mutex/Monitor currently owned by a thread: None

Heap
 def new generation   total 4928K, used 2585K [0x045b0000, 0x04b00000, 0x09b00000)
  eden space 4416K,  56% used [0x045b0000, 0x0481cf40, 0x04a00000)
  from space 512K,  19% used [0x04a80000, 0x04a997c8, 0x04b00000)
  to   space 512K,   0% used [0x04a00000, 0x04a00000, 0x04a80000)
 tenured generation   total 10944K, used 4628K [0x09b00000, 0x0a5b0000, 0x145b0000)
   the space 10944K,  42% used [0x09b00000, 0x09f85038, 0x09f85200, 0x0a5b0000)
 compacting perm gen  total 12288K, used 10361K [0x145b0000, 0x151b0000, 0x185b0000)
   the space 12288K,  84% used [0x145b0000, 0x14fce6c0, 0x14fce800, 0x151b0000)
No shared spaces configured.

Dynamic libraries:
0x00400000 - 0x00424000 	C:\Program Files (x86)\Java\jdk1.6.0_20\bin\java.exe
0x77260000 - 0x773e0000 	C:\Windows\SysWOW64\ntdll.dll
0x751b0000 - 0x752c0000 	C:\Windows\syswow64\kernel32.dll
0x74a00000 - 0x74a46000 	C:\Windows\syswow64\KERNELBASE.dll
0x747f0000 - 0x74824000 	C:\Program Files\Alwil Software\Avast5\snxhk.dll
0x75f10000 - 0x75fb0000 	C:\Windows\syswow64\ADVAPI32.dll
0x764d0000 - 0x7657c000 	C:\Windows\syswow64\msvcrt.dll
0x764b0000 - 0x764c9000 	C:\Windows\SysWOW64\sechost.dll
0x768b0000 - 0x769a0000 	C:\Windows\syswow64\RPCRT4.dll
0x74940000 - 0x749a0000 	C:\Windows\syswow64\SspiCli.dll
0x74930000 - 0x7493c000 	C:\Windows\syswow64\CRYPTBASE.dll
0x7c340000 - 0x7c396000 	C:\Program Files (x86)\Java\jdk1.6.0_20\jre\bin\msvcr71.dll
0x6d8b0000 - 0x6db47000 	C:\Program Files (x86)\Java\jdk1.6.0_20\jre\bin\client\jvm.dll
0x750b0000 - 0x751b0000 	C:\Windows\syswow64\USER32.dll
0x74db0000 - 0x74e40000 	C:\Windows\syswow64\GDI32.dll
0x74fd0000 - 0x74fda000 	C:\Windows\syswow64\LPK.dll
0x766e0000 - 0x7677d000 	C:\Windows\syswow64\USP10.dll
0x73e00000 - 0x73e32000 	C:\Windows\system32\WINMM.dll
0x749a0000 - 0x74a00000 	C:\Windows\system32\IMM32.DLL
0x74fe0000 - 0x750ac000 	C:\Windows\syswow64\MSCTF.dll
0x71910000 - 0x7195c000 	C:\Windows\system32\apphelp.dll
0x6d860000 - 0x6d86c000 	C:\Program Files (x86)\Java\jdk1.6.0_20\jre\bin\verify.dll
0x6d3e0000 - 0x6d3ff000 	C:\Program Files (x86)\Java\jdk1.6.0_20\jre\bin\java.dll
0x6d340000 - 0x6d348000 	C:\Program Files (x86)\Java\jdk1.6.0_20\jre\bin\hpi.dll
0x76200000 - 0x76205000 	C:\Windows\syswow64\PSAPI.DLL
0x6d430000 - 0x6d459000 	C:\Program Files (x86)\Java\jdk1.6.0_20\jre\bin\jdwp.dll
0x6d750000 - 0x6d756000 	C:\Program Files (x86)\Java\jdk1.6.0_20\jre\bin\npt.dll
0x6d8a0000 - 0x6d8af000 	C:\Program Files (x86)\Java\jdk1.6.0_20\jre\bin\zip.dll
0x6d2b0000 - 0x6d2b7000 	C:\Program Files (x86)\Java\jdk1.6.0_20\jre\bin\dt_socket.dll
0x767f0000 - 0x76825000 	C:\Windows\syswow64\WS2_32.dll
0x74f60000 - 0x74f66000 	C:\Windows\syswow64\NSI.dll
0x722d0000 - 0x7230c000 	C:\Windows\system32\mswsock.dll
0x722c0000 - 0x722c5000 	C:\Windows\System32\wshtcpip.dll
0x6d0b0000 - 0x6d1fa000 	C:\Program Files (x86)\Java\jdk1.6.0_20\jre\bin\awt.dll
0x71060000 - 0x710b1000 	C:\Windows\system32\WINSPOOL.DRV
0x76580000 - 0x766dc000 	C:\Windows\syswow64\ole32.dll
0x745a0000 - 0x7473e000 	C:\Windows\WinSxS\x86_microsoft.windows.common-controls_6595b64144ccf1df_6.0.7601.17514_none_41e6975e2bd6f2b2\COMCTL32.dll
0x76790000 - 0x767e7000 	C:\Windows\syswow64\SHLWAPI.dll
0x73fd0000 - 0x73fe3000 	C:\Windows\system32\DWMAPI.DLL
0x74040000 - 0x740c0000 	C:\Windows\system32\uxtheme.dll
0x6d2e0000 - 0x6d334000 	C:\Program Files (x86)\Java\jdk1.6.0_20\jre\bin\fontmanager.dll
0x6e0a0000 - 0x6e263000 	C:\Windows\system32\d3d9.dll
0x74740000 - 0x74749000 	C:\Windows\system32\VERSION.dll
0x73c20000 - 0x73c26000 	C:\Windows\system32\d3d8thk.dll
0x19420000 - 0x1971d000 	C:\Windows\system32\atiumdag.dll
0x19820000 - 0x19af4000 	C:\Windows\system32\atiumdva.dll
0x752c0000 - 0x75f0a000 	C:\Windows\syswow64\shell32.dll
0x6d6c0000 - 0x6d6d3000 	C:\Program Files (x86)\Java\jdk1.6.0_20\jre\bin\net.dll
0x730b0000 - 0x730b6000 	C:\Windows\System32\wship6.dll
0x6d6e0000 - 0x6d6e9000 	C:\Program Files (x86)\Java\jdk1.6.0_20\jre\bin\nio.dll
0x76360000 - 0x763ef000 	C:\Windows\syswow64\OLEAUT32.DLL
0x6d250000 - 0x6d273000 	C:\Program Files (x86)\Java\jdk1.6.0_20\jre\bin\dcpr.dll

VM Arguments:
jvm_args: -Xdebug -Xrunjdwp:transport=dt_socket,server=n,address=64537 
java_command: gems.ic.uff.br.view.TelaInicial
Launcher Type: SUN_STANDARD

Environment Variables:
JAVA_HOME=C:\Program Files (x86)\Java\jdk1.6.0_20
PATH=C:\Program Files\Common Files\Microsoft Shared\Windows Live;C:\Program Files (x86)\Common Files\Microsoft Shared\Windows Live;C:\Program Files (x86)\CollabNet\Subversion Client;C:\Windows\system32;C:\Windows;C:\Windows\System32\Wbem;C:\Windows\System32\WindowsPowerShell\v1.0\;C:\Program Files (x86)\Windows Live\Shared;C:\Program Files\TortoiseSVN\bin
USERNAME=campello
OS=Windows_NT
PROCESSOR_IDENTIFIER=AMD64 Family 17 Model 3 Stepping 1, AuthenticAMD



---------------  S Y S T E M  ---------------

OS: Windows 7 Build 7601 Service Pack 1

CPU:total 2 (2 cores per cpu, 1 threads per core) family 17 model 3 stepping 1, cmov, cx8, fxsr, mmx, sse, sse2, sse3, mmxext, 3dnow, 3dnowext

Memory: 4k page, physical 2881904k(813852k free), swap 5761960k(2526608k free)

vm_info: Java HotSpot(TM) Client VM (16.3-b01) for windows-x86 JRE (1.6.0_20-b02), built on Apr 12 2010 13:52:23 by "java_re" with MS VC++ 7.1 (VS2003)

time: Mon Jan 30 20:02:20 2012
elapsed time: 23828 seconds

